   5  0000    COPY      START     0               
  10  0000    FIRST     STL       RETADR          17202B
  15  0003              LDB       #LENGTH         69202B
  20                    BASE      LENGTH          
  25  0006    CLOOP     +JSUB     RDREC           4B101034
  30  000A              LDA       LENGTH          032024
  35  000D              COMP      #0              290000
  40  0010              JEQ       ENDFIL          332007
  45  0013              +JSUB     WRREC           4B10105B
  50  0017              J         CLOOP           3F2FEC
  55  001A    ENDFIL    LDA       EOF             032010
  60  001D              STA       BUFFER          0F2014
  65  0020              LDA       #3              010003
  70  0023              STA       LENGTH          0F200B
  75  0026              +JSUB     WRREC           4B10105B
  80  002A              J         @RETADR         3E2001
  85  002D    EOF       BYTE      C'E'            000045
  90  002E    RETADR    RESW      1               
  95  0031    LENGTH    RESW      1               
 100  0034    BUFFER    RESB      4096            
 105          .                                   
 110          .         SUBROUTINE TO READ RECORD INTO BUFFER                  
 115          .                                   
 120  1034    RDREC     CLEAR     X               00B410
 125  1036              CLEAR     A               00B400
 130  1038              CLEAR     S               00B440
 135  103A              +LDT      #4096           75101000
 140  103E    RLOOP     TD        INPUT           E32019
 145  1041              JEQ       RLOOP           332FFA
 150  1044              RD        INPUT           DB2013
 155  1047              COMPR     A, S            00A004
 160  1049              JEQ       EXIT            332008
 165  104C              STCH      BUFFER, X       57C003
 170  104F              TIXR      T               00B850
 175  1051              JLT       RLOOP           3B2FEA
 180  1054    EXIT      STX       LENGTH          134000
 185  1057              RSUB                      4F0000
 190  105A    INPUT     BYTE      X'F1'           0000F1
 195          .                                   
 200          .         SUBROUTINE TO WRITE RECORD FROM BUFFER                  
 205          .                                   
 210  105B    WRREC     CLEAR     X               00B410
 215  105D              LDT       LENGTH          774000
 220  1060    WLOOP     TD        OUTPUT          E32011
 225  1063              JEQ       WLOOP           332FFA
 230  1066              LDCH      BUFFER, X       53C003
 235  1069              WD        OUTPUT          DF2008
 240  106C              TIXR      T               00B850
 245  106E              JLT       WLOOP           3B2FEF
 250  1071              RSUB                      4F0000
 255  1074    OUTPUT    BYTE      X'05'           000005
 260                    END       FIRST           
